{"C:\\Users\\Erick Silva\\Downloads\\Atividade01--WorkFlow-Pipeline-main\\Projeto\\App.js": {"path":"C:\\Users\\Erick Silva\\Downloads\\Atividade01--WorkFlow-Pipeline-main\\Projeto\\App.js","statementMap":{"0":{"start":{"line":2,"column":16},"end":{"line":2,"column":34}},"1":{"start":{"line":3,"column":12},"end":{"line":3,"column":21}},"2":{"start":{"line":6,"column":19},"end":{"line":37,"column":1}},"3":{"start":{"line":39,"column":16},"end":{"line":56,"column":1}},"4":{"start":{"line":59,"column":0},"end":{"line":61,"column":3}},"5":{"start":{"line":60,"column":2},"end":{"line":60,"column":23}},"6":{"start":{"line":63,"column":0},"end":{"line":70,"column":3}},"7":{"start":{"line":64,"column":20},"end":{"line":64,"column":98}},"8":{"start":{"line":64,"column":43},"end":{"line":64,"column":97}},"9":{"start":{"line":65,"column":2},"end":{"line":69,"column":3}},"10":{"start":{"line":66,"column":4},"end":{"line":66,"column":24}},"11":{"start":{"line":68,"column":4},"end":{"line":68,"column":61}},"12":{"start":{"line":72,"column":0},"end":{"line":74,"column":3}},"13":{"start":{"line":73,"column":2},"end":{"line":73,"column":20}},"14":{"start":{"line":76,"column":0},"end":{"line":83,"column":3}},"15":{"start":{"line":77,"column":17},"end":{"line":77,"column":92}},"16":{"start":{"line":77,"column":37},"end":{"line":77,"column":91}},"17":{"start":{"line":78,"column":2},"end":{"line":82,"column":3}},"18":{"start":{"line":79,"column":4},"end":{"line":79,"column":21}},"19":{"start":{"line":81,"column":4},"end":{"line":81,"column":58}},"20":{"start":{"line":85,"column":0},"end":{"line":85,"column":21}}},"fnMap":{"0":{"name":"(anonymous_0)","decl":{"start":{"line":59,"column":27},"end":{"line":59,"column":28}},"loc":{"start":{"line":59,"column":41},"end":{"line":61,"column":1}},"line":59},"1":{"name":"(anonymous_1)","decl":{"start":{"line":63,"column":33},"end":{"line":63,"column":34}},"loc":{"start":{"line":63,"column":47},"end":{"line":70,"column":1}},"line":63},"2":{"name":"(anonymous_2)","decl":{"start":{"line":64,"column":36},"end":{"line":64,"column":37}},"loc":{"start":{"line":64,"column":43},"end":{"line":64,"column":97}},"line":64},"3":{"name":"(anonymous_3)","decl":{"start":{"line":72,"column":24},"end":{"line":72,"column":25}},"loc":{"start":{"line":72,"column":38},"end":{"line":74,"column":1}},"line":72},"4":{"name":"(anonymous_4)","decl":{"start":{"line":76,"column":30},"end":{"line":76,"column":31}},"loc":{"start":{"line":76,"column":44},"end":{"line":83,"column":1}},"line":76},"5":{"name":"(anonymous_5)","decl":{"start":{"line":77,"column":30},"end":{"line":77,"column":31}},"loc":{"start":{"line":77,"column":37},"end":{"line":77,"column":91}},"line":77}},"branchMap":{"0":{"loc":{"start":{"line":65,"column":2},"end":{"line":69,"column":3}},"type":"if","locations":[{"start":{"line":65,"column":2},"end":{"line":69,"column":3}},{"start":{"line":67,"column":9},"end":{"line":69,"column":3}}],"line":65},"1":{"loc":{"start":{"line":78,"column":2},"end":{"line":82,"column":3}},"type":"if","locations":[{"start":{"line":78,"column":2},"end":{"line":82,"column":3}},{"start":{"line":80,"column":9},"end":{"line":82,"column":3}}],"line":78}},"s":{"0":10,"1":10,"2":10,"3":10,"4":10,"5":3,"6":10,"7":2,"8":2,"9":2,"10":1,"11":1,"12":10,"13":3,"14":10,"15":4,"16":4,"17":4,"18":2,"19":2,"20":10},"f":{"0":3,"1":2,"2":2,"3":3,"4":4,"5":4},"b":{"0":[1,1],"1":[2,2]},"_coverageSchema":"1a1c01bbd47fc00a2c39e90264f33305004495a9","hash":"b8a440b88e8c5ab67ab99d650b1b92d2c214096b"}
}
